# JRE version: OpenJDK Runtime Environment (11.0.15) (build 11.0.15+0-b2043.56-9505619)
# Java VM: OpenJDK 64-Bit Server VM (11.0.15+0-b2043.56-9505619, mixed mode, tiered, compressed oops, g1 gc, windows-amd64)
Heap:
 garbage-first heap   total 312320K, used 129365K [0x0000000702600000, 0x0000000800000000)
  region size 1024K, 103 young (105472K), 12 survivors (12288K)
 Metaspace       used 58092K, capacity 58748K, committed 58960K, reserved 1101824K
  class space    used 6533K, capacity 6797K, committed 6832K, reserved 1048576K
GC Heap History (12 events):
Event: 0.328 GC heap before
{Heap before GC invocations=0 (full 0):
 garbage-first heap   total 260096K, used 28672K [0x0000000702600000, 0x0000000800000000)
  region size 1024K, 24 young (24576K), 0 survivors (0K)
 Metaspace       used 12135K, capacity 12280K, committed 12544K, reserved 1060864K
  class space    used 1121K, capacity 1175K, committed 1280K, reserved 1048576K
}
Event: 0.330 GC heap after
{Heap after GC invocations=1 (full 0):
 garbage-first heap   total 260096K, used 6677K [0x0000000702600000, 0x0000000800000000)
  region size 1024K, 3 young (3072K), 3 survivors (3072K)
 Metaspace       used 12135K, capacity 12280K, committed 12544K, reserved 1060864K
  class space    used 1121K, capacity 1175K, committed 1280K, reserved 1048576K
}
Event: 0.690 GC heap before
{Heap before GC invocations=1 (full 0):
 garbage-first heap   total 260096K, used 45589K [0x0000000702600000, 0x0000000800000000)
  region size 1024K, 42 young (43008K), 3 survivors (3072K)
 Metaspace       used 21058K, capacity 21264K, committed 21552K, reserved 1069056K
  class space    used 2228K, capacity 2308K, committed 2352K, reserved 1048576K
}
Event: 0.697 GC heap after
{Heap after GC invocations=2 (full 0):
 garbage-first heap   total 260096K, used 10449K [0x0000000702600000, 0x0000000800000000)
  region size 1024K, 7 young (7168K), 7 survivors (7168K)
 Metaspace       used 21058K, capacity 21264K, committed 21552K, reserved 1069056K
  class space    used 2228K, capacity 2308K, committed 2352K, reserved 1048576K
}
Event: 1.366 GC heap before
{Heap before GC invocations=3 (full 0):
 garbage-first heap   total 260096K, used 70865K [0x0000000702600000, 0x0000000800000000)
  region size 1024K, 60 young (61440K), 7 survivors (7168K)
 Metaspace       used 34142K, capacity 34566K, committed 34608K, reserved 1079296K
  class space    used 4201K, capacity 4370K, committed 4400K, reserved 1048576K
}
Event: 1.375 GC heap after
{Heap after GC invocations=4 (full 0):
 garbage-first heap   total 260096K, used 22832K [0x0000000702600000, 0x0000000800000000)
  region size 1024K, 8 young (8192K), 8 survivors (8192K)
 Metaspace       used 34142K, capacity 34566K, committed 34608K, reserved 1079296K
  class space    used 4201K, capacity 4370K, committed 4400K, reserved 1048576K
}
Event: 1.445 GC heap before
{Heap before GC invocations=4 (full 0):
 garbage-first heap   total 260096K, used 32048K [0x0000000702600000, 0x0000000800000000)
  region size 1024K, 18 young (18432K), 8 survivors (8192K)
 Metaspace       used 35501K, capacity 35857K, committed 35920K, reserved 1081344K
  class space    used 4342K, capacity 4502K, committed 4528K, reserved 1048576K
}
Event: 1.449 GC heap after
{Heap after GC invocations=5 (full 0):
 garbage-first heap   total 260096K, used 22832K [0x0000000702600000, 0x0000000800000000)
  region size 1024K, 10 young (10240K), 10 survivors (10240K)
 Metaspace       used 35501K, capacity 35857K, committed 35920K, reserved 1081344K
  class space    used 4342K, capacity 4502K, committed 4528K, reserved 1048576K
}
Event: 1.602 GC heap before
{Heap before GC invocations=6 (full 0):
 garbage-first heap   total 260096K, used 44336K [0x0000000702600000, 0x0000000800000000)
  region size 1024K, 31 young (31744K), 10 survivors (10240K)
 Metaspace       used 39653K, capacity 40078K, committed 40272K, reserved 1085440K
  class space    used 4735K, capacity 4925K, committed 5040K, reserved 1048576K
}
Event: 1.609 GC heap after
{Heap after GC invocations=7 (full 0):
 garbage-first heap   total 312320K, used 24875K [0x0000000702600000, 0x0000000800000000)
  region size 1024K, 4 young (4096K), 4 survivors (4096K)
 Metaspace       used 39653K, capacity 40078K, committed 40272K, reserved 1085440K
  class space    used 4735K, capacity 4925K, committed 5040K, reserved 1048576K
}
Event: 2.410 GC heap before
{Heap before GC invocations=7 (full 0):
 garbage-first heap   total 312320K, used 122155K [0x0000000702600000, 0x0000000800000000)
  region size 1024K, 96 young (98304K), 4 survivors (4096K)
 Metaspace       used 51412K, capacity 51922K, committed 52176K, reserved 1095680K
  class space    used 5927K, capacity 6130K, committed 6192K, reserved 1048576K
}
Event: 2.416 GC heap after
{Heap after GC invocations=8 (full 0):
 garbage-first heap   total 312320K, used 37205K [0x0000000702600000, 0x0000000800000000)
  region size 1024K, 12 young (12288K), 12 survivors (12288K)
 Metaspace       used 51412K, capacity 51922K, committed 52176K, reserved 1095680K
  class space    used 5927K, capacity 6130K, committed 6192K, reserved 1048576K
}

